make all --print-data-base --no-builtin-variables --no-builtin-rules --question
# GNU Make 3.81
# Copyright (C) 2006  Free Software Foundation, Inc.
# This is free software; see the source for copying conditions.
# There is NO warranty; not even for MERCHANTABILITY or FITNESS FOR A
# PARTICULAR PURPOSE.

# This program built for i386-apple-darwin11.3.0
 

# Make data base, printed on Tue Jun 28 18:35:35 2022

# Variables

# makefile (from `Makefile', line 62)
SRCS_NUM := 47
# automatic
<D = $(patsubst %/,%,$(dir $<))
# automatic
?F = $(notdir $?)
# makefile (from `Makefile', line 33)
PUT_NAMES := ft_putchar_fd ft_putendl_fd ft_putnbr_fd ft_putstr_fd
# environment
VSCODE_LOG_NATIVE = false
# automatic
?D = $(patsubst %/,%,$(dir $?))
# automatic
@D = $(patsubst %/,%,$(dir $@))
# automatic
@F = $(notdir $@)
# makefile (from `Makefile', line 23)
LST_NAMES := ft_lstadd_back ft_lstadd_front ft_lstclear ft_lstdelone ft_lstiter ft_lstlast ft_lstmap ft_lstnew ft_lstsize			   
# makefile
CURDIR := /Users/jmoyano-/Desktop/Moyano´s Library
# makefile
SHELL = /bin/sh
# makefile (from `Makefile', line 73)
RM := rm -f
# environment
VSCODE_NLS_CONFIG = {"locale":"es","availableLanguages":{"*":"es"},"_languagePackId":"eae11d900af9c06c6da7ac60cedf8cf9.es","_translationsConfigFile":"/Users/jmoyano-/Library/Application Support/Code/clp/eae11d900af9c06c6da7ac60cedf8cf9.es/tcf.json","_cacheRoot":"/Users/jmoyano-/Library/Application Support/Code/clp/eae11d900af9c06c6da7ac60cedf8cf9.es","_resolvedLanguagePackCoreLocation":"/Users/jmoyano-/Library/Application Support/Code/clp/eae11d900af9c06c6da7ac60cedf8cf9.es/30d9c6cd9483b2cc586687151bcbcd635f373630","_corruptedFile":"/Users/jmoyano-/Library/Application Support/Code/clp/eae11d900af9c06c6da7ac60cedf8cf9.es/corrupted.info","_languagePackSupport":true}
# environment
_ = /usr/bin/make
# makefile (from `Makefile', line 67)
CFLAGS := -Wall -Wextra -Werror
# makefile (from `Makefile', line 1)
MAKEFILE_LIST :=  Makefile
# makefile (from `Makefile', line 47)
FT_PRINTF_NAMES := ft_printf ft_printf_utils
# makefile (from `Makefile', line 16)
OBJ_DIR := obj
# environment
VSCODE_VERBOSE_LOGGING = true
# makefile (from `Makefile', line 43)
TO_NAMES := ft_atoi ft_itoa ft_tolower ft_toupper 
# makefile (from `Makefile', line 58)
OBJS := obj/ft_is/ft_isalnum.o obj/ft_is/ft_isalpha.o obj/ft_is/ft_isascii.o obj/ft_is/ft_isdigit.o obj/ft_is/ft_isprint.o obj/ft_lst/ft_lstadd_back.o obj/ft_lst/ft_lstadd_front.o obj/ft_lst/ft_lstclear.o obj/ft_lst/ft_lstdelone.o obj/ft_lst/ft_lstiter.o obj/ft_lst/ft_lstlast.o obj/ft_lst/ft_lstmap.o obj/ft_lst/ft_lstnew.o obj/ft_lst/ft_lstsize.o obj/ft_mem/ft_bzero.o obj/ft_mem/ft_calloc.o obj/ft_mem/ft_memchr.o obj/ft_mem/ft_memcpy.o obj/ft_mem/ft_memcmp.o obj/ft_mem/ft_memmove.o obj/ft_mem/ft_memset.o obj/ft_put/ft_putchar_fd.o obj/ft_put/ft_putendl_fd.o obj/ft_put/ft_putnbr_fd.o obj/ft_put/ft_putstr_fd.o obj/ft_str/ft_split.o obj/ft_str/ft_strchr.o obj/ft_str/ft_strdup.o obj/ft_str/ft_striteri.o obj/ft_str/ft_strjoin.o obj/ft_str/ft_strlcat.o obj/ft_str/ft_strlcpy.o obj/ft_str/ft_strlen.o obj/ft_str/ft_strmapi.o obj/ft_str/ft_strncmp.o obj/ft_str/ft_strnstr.o obj/ft_str/ft_strrchr.o obj/ft_str/ft_strtrim.o obj/ft_str/ft_substr.o obj/ft_to/ft_atoi.o obj/ft_to/ft_itoa.o obj/ft_to/ft_tolower.o obj/ft_to/ft_toupper.o obj/ft_printf/ft_printf.o obj/ft_printf/ft_printf_utils.o obj/ft_gnl/get_next_line_c.o obj/ft_gnl/get_next_line_utils.o 
# environment
VSCODE_IPC_HOOK_EXTHOST = /var/folders/zz/zyxvpxvq6csfxvn_n000c_q00032nr/T/vscode-ipc-2d43e7c2-6269-48c6-ac4d-61ed98c386c7.sock
# environment
VSCODE_CWD = /
# environment
PATH = /usr/bin:/bin:/usr/sbin:/sbin:/usr/local/bin
# makefile (from `Makefile', line 27)
MEM_DIR := ft_mem
# makefile (from `Makefile', line 52)
GNL_FILES := ft_gnl/get_next_line_c ft_gnl/get_next_line_utils 
# environment
LaunchInstanceID = C465A9D4-FE83-4240-B016-CC4A1DF626EA
# makefile (from `Makefile', line 71)
AR := ar rcs
# environment
VSCODE_LOG_STACK = false
# environment
ELECTRON_RUN_AS_NODE = 1
# default
.FEATURES := target-specific order-only second-expansion else-if archives jobserver check-symlink
# makefile (from `Makefile', line 95)
OBJS_CREATED = 46
# environment
SSH_AUTH_SOCK = /private/tmp/com.apple.launchd.1qAyohoENb/Listeners
# automatic
%F = $(notdir $%)
# environment
VSCODE_PIPE_LOGGING = true
# makefile (from `Makefile', line 18)
IS_DIR := ft_is
# environment
PWD = /Users/jmoyano-/Desktop/Moyano´s Library
# environment
ORIGINAL_XDG_CURRENT_DESKTOP = undefined
# environment
VSCODE_AMD_ENTRYPOINT = vs/workbench/api/node/extensionHostProcess
# environment
HOME = /Users/jmoyano-
# makefile (from `Makefile', line 36)
STR_DIR := ft_str
# makefile (from `Makefile', line 51)
GNL_NAMES := get_next_line_c get_next_line_utils
# default
MAKEFILEPATH := /Applications/Xcode.app/Contents/Developer/Makefiles
# environment
VSCODE_CODE_CACHE_PATH = /Users/jmoyano-/Library/Application Support/Code/CachedData/30d9c6cd9483b2cc586687151bcbcd635f373630
# environment
LOGNAME = jmoyano-
# makefile (from `Makefile', line 20)
IS_FILES := ft_is/ft_isalnum ft_is/ft_isalpha ft_is/ft_isascii ft_is/ft_isdigit ft_is/ft_isprint 
# environment
APPLICATION_INSIGHTS_NO_DIAGNOSTIC_CHANNEL = 1
# environment
VSCODE_HANDLES_UNCAUGHT_ERRORS = true
# automatic
^D = $(patsubst %/,%,$(dir $^))
# environment
XPC_FLAGS = 0x0
# default
MAKE = $(MAKE_COMMAND)
# default
MAKECMDGOALS := all
# makefile (from `Makefile', line 54)
SRCS := src/ft_is/ft_isalnum.c src/ft_is/ft_isalpha.c src/ft_is/ft_isascii.c src/ft_is/ft_isdigit.c src/ft_is/ft_isprint.c src/ft_lst/ft_lstadd_back.c src/ft_lst/ft_lstadd_front.c src/ft_lst/ft_lstclear.c src/ft_lst/ft_lstdelone.c src/ft_lst/ft_lstiter.c src/ft_lst/ft_lstlast.c src/ft_lst/ft_lstmap.c src/ft_lst/ft_lstnew.c src/ft_lst/ft_lstsize.c src/ft_mem/ft_bzero.c src/ft_mem/ft_calloc.c src/ft_mem/ft_memchr.c src/ft_mem/ft_memcpy.c src/ft_mem/ft_memcmp.c src/ft_mem/ft_memmove.c src/ft_mem/ft_memset.c src/ft_put/ft_putchar_fd.c src/ft_put/ft_putendl_fd.c src/ft_put/ft_putnbr_fd.c src/ft_put/ft_putstr_fd.c src/ft_str/ft_split.c src/ft_str/ft_strchr.c src/ft_str/ft_strdup.c src/ft_str/ft_striteri.c src/ft_str/ft_strjoin.c src/ft_str/ft_strlcat.c src/ft_str/ft_strlcpy.c src/ft_str/ft_strlen.c src/ft_str/ft_strmapi.c src/ft_str/ft_strncmp.c src/ft_str/ft_strnstr.c src/ft_str/ft_strrchr.c src/ft_str/ft_strtrim.c src/ft_str/ft_substr.c src/ft_to/ft_atoi.c src/ft_to/ft_itoa.c src/ft_to/ft_tolower.c src/ft_to/ft_toupper.c src/ft_printf/ft_printf.c src/ft_printf/ft_printf_utils.c src/ft_gnl/get_next_line_c.c src/ft_gnl/get_next_line_utils.c 
# environment
SHLVL = 1
# makefile (from `Makefile', line 28)
MEM_NAMES := ft_bzero ft_calloc ft_memchr ft_memcpy ft_memcmp ft_memmove ft_memset
# makefile (from `Makefile', line 65)
CC := gcc
# default
MAKE_VERSION := 3.81
# environment
USER = jmoyano-
# makefile
.DEFAULT_GOAL := all
# makefile (from `Makefile', line 69)
INCLUDE := -I .
# makefile (from `Makefile', line 13)
NAME := libft.a
# makefile (from `Makefile', line 40)
STR_FILES := ft_str/ft_split ft_str/ft_strchr ft_str/ft_strdup ft_str/ft_striteri ft_str/ft_strjoin ft_str/ft_strlcat ft_str/ft_strlcpy ft_str/ft_strlen ft_str/ft_strmapi ft_str/ft_strncmp ft_str/ft_strnstr ft_str/ft_strrchr ft_str/ft_strtrim ft_str/ft_substr 
# automatic
%D = $(patsubst %/,%,$(dir $%))
# default
MAKE_COMMAND := /Applications/Xcode.app/Contents/Developer/usr/bin/make
# makefile (from `Makefile', line 32)
PUT_DIR := ft_put
# default
.VARIABLES := 
# environment
TMPDIR = /var/folders/zz/zyxvpxvq6csfxvn_n000c_q00032nr/T/
# automatic
*F = $(notdir $*)
# environment
VSCODE_IPC_HOOK = /Users/jmoyano-/Library/Application Support/Code/1.68.1-main.sock
# makefile
MAKEFLAGS = Rrqp
# environment
MFLAGS = -Rrqp
# automatic
*D = $(patsubst %/,%,$(dir $*))
# environment
XPC_SERVICE_NAME = com.apple.xpc.launchd.oneshot.0x10000017.Electron
# makefile (from `Makefile', line 30)
MEM_FILES := ft_mem/ft_bzero ft_mem/ft_calloc ft_mem/ft_memchr ft_mem/ft_memcpy ft_mem/ft_memcmp ft_mem/ft_memmove ft_mem/ft_memset 
# automatic
+D = $(patsubst %/,%,$(dir $+))
# makefile (from `Makefile', line 22)
LST_DIR := ft_lst
# makefile (from `Makefile', line 19)
IS_NAMES := ft_isalnum ft_isalpha ft_isascii ft_isdigit ft_isprint
# automatic
+F = $(notdir $+)
# makefile (from `Makefile', line 34)
PUT_FILES := ft_put/ft_putchar_fd ft_put/ft_putendl_fd ft_put/ft_putnbr_fd ft_put/ft_putstr_fd 
# environment
__CF_USER_TEXT_ENCODING = 0x18AB8:0x0:0x0
# environment
COMMAND_MODE = unix2003
# default
 
MAKEFILES := 
# makefile (from `Makefile', line 37)
STR_NAMES := ft_split ft_strchr ft_strdup ft_striteri ft_strjoin ft_strlcat ft_strlcpy ft_strlen ft_strmapi ft_strncmp ft_strnstr ft_strrchr ft_strtrim ft_substr
# makefile (from `Makefile', line 15)
SRC_DIR := src
# makefile (from `Makefile', line 46)
FT_PRINTF_DIR := ft_printf
# automatic
<F = $(notdir $<)
# makefile (from `Makefile', line 25)
LST_FILES := ft_lst/ft_lstadd_back ft_lst/ft_lstadd_front ft_lst/ft_lstclear ft_lst/ft_lstdelone ft_lst/ft_lstiter ft_lst/ft_lstlast ft_lst/ft_lstmap ft_lst/ft_lstnew ft_lst/ft_lstsize 
# makefile (from `Makefile', line 42)
TO_DIR := ft_to
# environment
LC_ALL = C
# environment
SECURITYSESSIONID = 1945a
# automatic
^F = $(notdir $^)
# makefile (from `Makefile', line 48)
FT_PRINTF_FILES := ft_printf/ft_printf ft_printf/ft_printf_utils 
# default
SUFFIXES := 
# default
.INCLUDE_DIRS = /usr/local/include
# makefile (from `Makefile', line 44)
TO_FILES := ft_to/ft_atoi ft_to/ft_itoa ft_to/ft_tolower ft_to/ft_toupper
# environment
MAKELEVEL := 0
# environment
LANG = C
# environment
VSCODE_PID = 86673
# makefile (from `Makefile', line 50)
GNL_DIR := ft_gnl
# variable set hash-table stats:
# Load=99/1024=10%, Rehash=0, Collisions=21/212=10%

# Pattern-specific Variable Values

# No pattern-specific variable values.

# Directories

# . (device 16777225, inode 1451030): 8 files, no impossibilities.

# 8 files, no impossibilities in 1 directories.

# Implicit Rules

# No implicit rules.

# Files

# Not a target:
src/ft_is/ft_isalpha.c:
#  Implicit rule search has been done.
#  Last modified 2022-04-20 20:11:00
#  File has been updated.
#  Successfully updated.
# variable set hash-table stats:
# Load=0/32=0%, Rehash=0, Collisions=0/0=0%

obj/ft_mem/ft_memmove.o: src/ft_mem/ft_memmove.c | obj/ft_is obj/ft_lst obj/ft_lst obj/ft_mem obj/ft_put obj/ft_str obj/ft_to obj/ft_printf obj/ft_gnl
#  Implicit rule search has not been done.
#  Implicit/static pattern stem: `ft_mem/ft_memmove'
#  Last modified 2022-06-28 18:24:09
#  File has been updated.
#  Successfully updated.
# variable set hash-table stats:
# Load=0/32=0%, Rehash=0, Collisions=0/0=0%
#  commands to execute (from `Makefile', line 95):
	@$(eval OBJS_CREATED = $(shell expr $(OBJS_CREATED) + 1))
	@printf "Making object $(OBJS_CREATED)/$(SRCS_NUM)...\r"
	@if [ $(OBJS_CREATED) = $(SRCS_NUM) ]; then echo ""; fi
	@$(CC) $(CFLAGS) $(INCLUDE) -c $< -o $@
	

# Not a target:
src/ft_put/ft_putnbr_fd.c:
#  Implicit rule search has been done.
#  Last modified 2022-05-06 17:00:27
#  File has been updated.
#  Successfully updated.
# variable set hash-table stats:
# Load=0/32=0%, Rehash=0, Collisions=0/0=0%

# Not a target:
src/ft_mem/ft_calloc.c:
#  Implicit rule search has been done.
#  Last modified 2022-05-09 16:22:17
#  File has been updated.
#  Successfully updated.
# variable set hash-table stats:
# Load=0/32=0%, Rehash=0, Collisions=0/0=0%

obj/ft_str:
#  Implicit rule search has not been done.
#  Last modified 2022-06-28 18:24:10
#  File has been updated.
#  Successfully updated.
#  commands to execute (from `Makefile', line 114):
	@mkdir -p $@
	

# Not a target:
src/ft_str/ft_strtrim.c:
#  Implicit rule search has been done.
#  Last modified 2022-05-04 11:24:05
#  File has been updated.
#  Successfully updated.
# variable set hash-table stats:
# Load=0/32=0%, Rehash=0, Collisions=0/0=0%

obj/ft_str/ft_strrchr.o: src/ft_str/ft_strrchr.c | obj/ft_is obj/ft_lst obj/ft_lst obj/ft_mem obj/ft_put obj/ft_str obj/ft_to obj/ft_printf obj/ft_gnl
#  Implicit rule search has not been done.
#  Implicit/static pattern stem: `ft_str/ft_strrchr'
#  Last modified 2022-06-28 18:24:10
#  File has been updated.
#  Successfully updated.
# variable set hash-table stats:
# Load=0/32=0%, Rehash=0, Collisions=0/0=0%
#  commands to execute (from `Makefile', line 95):
	@$(eval OBJS_CREATED = $(shell expr $(OBJS_CREATED) + 1))
	@printf "Making object $(OBJS_CREATED)/$(SRCS_NUM)...\r"
	@if [ $(OBJS_CREATED) = $(SRCS_NUM) ]; then echo ""; fi
	@$(CC) $(CFLAGS) $(INCLUDE) -c $< -o $@
	

obj/ft_str/ft_strjoin.o: src/ft_str/ft_strjoin.c | obj/ft_is obj/ft_lst obj/ft_lst obj/ft_mem obj/ft_put obj/ft_str obj/ft_to obj/ft_printf obj/ft_gnl
#  Implicit rule search has not been done.
#  Implicit/static pattern stem: `ft_str/ft_strjoin'
#  Last modified 2022-06-28 18:24:10
#  File has been updated.
#  Successfully updated.
# variable set hash-table stats:
# Load=0/32=0%, Rehash=0, Collisions=0/0=0%
#  commands to execute (from `Makefile', line 95):
	@$(eval OBJS_CREATED = $(shell expr $(OBJS_CREATED) + 1))
	@printf "Making object $(OBJS_CREATED)/$(SRCS_NUM)...\r"
	@if [ $(OBJS_CREATED) = $(SRCS_NUM) ]; then echo ""; fi
	@$(CC) $(CFLAGS) $(INCLUDE) -c $< -o $@
	

obj/ft_str/ft_split.o: src/ft_str/ft_split.c | obj/ft_is obj/ft_lst obj/ft_lst obj/ft_mem obj/ft_put obj/ft_str obj/ft_to obj/ft_printf obj/ft_gnl
#  Implicit rule search has not been done.
#  Implicit/static pattern stem: `ft_str/ft_split'
#  Last modified 2022-06-28 18:24:10
#  File has been updated.
#  Successfully updated.
# variable set hash-table stats:
# Load=0/32=0%, Rehash=0, Collisions=0/0=0%
#  commands to execute (from `Makefile', line 95):
	@$(eval OBJS_CREATED = $(shell expr $(OBJS_CREATED) + 1))
	@printf "Making object $(OBJS_CREATED)/$(SRCS_NUM)...\r"
	@if [ $(OBJS_CREATED) = $(SRCS_NUM) ]; then echo ""; fi
	@$(CC) $(CFLAGS) $(INCLUDE) -c $< -o $@
	

obj/ft_lst/ft_lstsize.o: src/ft_lst/ft_lstsize.c | obj/ft_is obj/ft_lst obj/ft_lst obj/ft_mem obj/ft_put obj/ft_str obj/ft_to obj/ft_printf obj/ft_gnl
#  Implicit rule search has not been done.
#  Implicit/static pattern stem: `ft_lst/ft_lstsize'
#  Last modified 2022-06-28 18:24:09
#  File has been updated.
#  Successfully updated.
# variable set hash-table stats:
# Load=0/32=0%, Rehash=0, Collisions=0/0=0%
#  commands to execute (from `Makefile', line 95):
	@$(eval OBJS_CREATED = $(shell expr $(OBJS_CREATED) + 1))
	@printf "Making object $(OBJS_CREATED)/$(SRCS_NUM)...\r"
	@if [ $(OBJS_CREATED) = $(SRCS_NUM) ]; then echo ""; fi
	@$(CC) $(CFLAGS) $(INCLUDE) -c $< -o $@
	

all: libft.a
#  Phony target (prerequisite of .PHONY).
#  Command-line target.
#  Implicit rule search has not been done.
#  File does not exist.
#  File has been updated.
#  Needs to be updated (-q is set).
# variable set hash-table stats:
# Load=0/32=0%, Rehash=0, Collisions=0/14=0%

obj/ft_is/ft_isascii.o: src/ft_is/ft_isascii.c | obj/ft_is obj/ft_lst obj/ft_lst obj/ft_mem obj/ft_put obj/ft_str obj/ft_to obj/ft_printf obj/ft_gnl
#  Implicit rule search has not been done.
#  Implicit/static pattern stem: `ft_is/ft_isascii'
#  Last modified 2022-06-28 18:24:08
#  File has been updated.
#  Successfully updated.
# variable set hash-table stats:
# Load=0/32=0%, Rehash=0, Collisions=0/0=0%
#  commands to execute (from `Makefile', line 95):
	@$(eval OBJS_CREATED = $(shell expr $(OBJS_CREATED) + 1))
	@printf "Making object $(OBJS_CREATED)/$(SRCS_NUM)...\r"
	@if [ $(OBJS_CREATED) = $(SRCS_NUM) ]; then echo ""; fi
	@$(CC) $(CFLAGS) $(INCLUDE) -c $< -o $@
	

.PHONY: all obj_dirs clean fclean re
#  Implicit rule search has not been done.
#  Modification time never checked.
#  File has not been updated.

obj/ft_put/ft_putstr_fd.o: src/ft_put/ft_putstr_fd.c | obj/ft_is obj/ft_lst obj/ft_lst obj/ft_mem obj/ft_put obj/ft_str obj/ft_to obj/ft_printf obj/ft_gnl
#  Implicit rule search has not been done.
#  Implicit/static pattern stem: `ft_put/ft_putstr_fd'
#  Last modified 2022-06-28 18:24:10
#  File has been updated.
#  Successfully updated.
# variable set hash-table stats:
# Load=0/32=0%, Rehash=0, Collisions=0/0=0%
#  commands to execute (from `Makefile', line 95):
	@$(eval OBJS_CREATED = $(shell expr $(OBJS_CREATED) + 1))
	@printf "Making object $(OBJS_CREATED)/$(SRCS_NUM)...\r"
	@if [ $(OBJS_CREATED) = $(SRCS_NUM) ]; then echo ""; fi
	@$(CC) $(CFLAGS) $(INCLUDE) -c $< -o $@
	

obj/ft_str/ft_strlcat.o: src/ft_str/ft_strlcat.c | obj/ft_is obj/ft_lst obj/ft_lst obj/ft_mem obj/ft_put obj/ft_str obj/ft_to obj/ft_printf obj/ft_gnl
#  Implicit rule search has not been done.
#  Implicit/static pattern stem: `ft_str/ft_strlcat'
#  Last modified 2022-06-28 18:24:10
 
#  File has been updated.
#  Successfully updated.
# variable set hash-table stats:
# Load=0/32=0%, Rehash=0, Collisions=0/0=0%
#  commands to execute (from `Makefile', line 95):
	@$(eval OBJS_CREATED = $(shell expr $(OBJS_CREATED) + 1))
	@printf "Making object $(OBJS_CREATED)/$(SRCS_NUM)...\r"
	@if [ $(OBJS_CREATED) = $(SRCS_NUM) ]; then echo ""; fi
	@$(CC) $(CFLAGS) $(INCLUDE) -c $< -o $@
	

# Not a target:
src/ft_str/ft_strmapi.c:
#  Implicit rule search has been done.
#  Last modified 2022-05-05 19:48:54
#  File has been updated.
#  Successfully updated.
# variable set hash-table stats:
# Load=0/32=0%, Rehash=0, Collisions=0/0=0%

obj/ft_to/ft_toupper.o: src/ft_to/ft_toupper.c | obj/ft_is obj/ft_lst obj/ft_lst obj/ft_mem obj/ft_put obj/ft_str obj/ft_to obj/ft_printf obj/ft_gnl
#  Implicit rule search has not been done.
#  Implicit/static pattern stem: `ft_to/ft_toupper'
#  Last modified 2022-06-28 18:24:11
#  File has been updated.
#  Successfully updated.
# variable set hash-table stats:
# Load=0/32=0%, Rehash=0, Collisions=0/0=0%
#  commands to execute (from `Makefile', line 95):
	@$(eval OBJS_CREATED = $(shell expr $(OBJS_CREATED) + 1))
	@printf "Making object $(OBJS_CREATED)/$(SRCS_NUM)...\r"
	@if [ $(OBJS_CREATED) = $(SRCS_NUM) ]; then echo ""; fi
	@$(CC) $(CFLAGS) $(INCLUDE) -c $< -o $@
	

# Not a target:
src/ft_is/ft_isalnum.c:
#  Implicit rule search has been done.
#  Last modified 2022-04-26 11:27:48
#  File has been updated.
#  Successfully updated.
# variable set hash-table stats:
# Load=0/32=0%, Rehash=0, Collisions=0/0=0%

obj/ft_lst/ft_lstmap.o: src/ft_lst/ft_lstmap.c | obj/ft_is obj/ft_lst obj/ft_lst obj/ft_mem obj/ft_put obj/ft_str obj/ft_to obj/ft_printf obj/ft_gnl
#  Implicit rule search has not been done.
#  Implicit/static pattern stem: `ft_lst/ft_lstmap'
#  Last modified 2022-06-28 18:24:09
#  File has been updated.
#  Successfully updated.
# variable set hash-table stats:
# Load=0/32=0%, Rehash=0, Collisions=0/0=0%
#  commands to execute (from `Makefile', line 95):
	@$(eval OBJS_CREATED = $(shell expr $(OBJS_CREATED) + 1))
	@printf "Making object $(OBJS_CREATED)/$(SRCS_NUM)...\r"
	@if [ $(OBJS_CREATED) = $(SRCS_NUM) ]; then echo ""; fi
	@$(CC) $(CFLAGS) $(INCLUDE) -c $< -o $@
	

# Not a target:
src/ft_lst/ft_lstnew.c:
#  Implicit rule search has been done.
#  Last modified 2022-05-09 16:11:49
#  File has been updated.
#  Successfully updated.
# variable set hash-table stats:
# Load=0/32=0%, Rehash=0, Collisions=0/0=0%

obj/ft_put/ft_putchar_fd.o: src/ft_put/ft_putchar_fd.c | obj/ft_is obj/ft_lst obj/ft_lst obj/ft_mem obj/ft_put obj/ft_str obj/ft_to obj/ft_printf obj/ft_gnl
#  Implicit rule search has not been done.
#  Implicit/static pattern stem: `ft_put/ft_putchar_fd'
#  Last modified 2022-06-28 18:24:09
#  File has been updated.
#  Successfully updated.
# variable set hash-table stats:
# Load=0/32=0%, Rehash=0, Collisions=0/0=0%
#  commands to execute (from `Makefile', line 95):
	@$(eval OBJS_CREATED = $(shell expr $(OBJS_CREATED) + 1))
	@printf "Making object $(OBJS_CREATED)/$(SRCS_NUM)...\r"
	@if [ $(OBJS_CREATED) = $(SRCS_NUM) ]; then echo ""; fi
	@$(CC) $(CFLAGS) $(INCLUDE) -c $< -o $@
	

# Not a target:
src/ft_str/ft_strlen.c:
#  Implicit rule search has been done.
#  Last modified 2022-04-25 17:34:43
#  File has been updated.
#  Successfully updated.
# variable set hash-table stats:
# Load=0/32=0%, Rehash=0, Collisions=0/0=0%

obj/ft_printf/ft_printf_utils.o: src/ft_printf/ft_printf_utils.c | obj/ft_is obj/ft_lst obj/ft_lst obj/ft_mem obj/ft_put obj/ft_str obj/ft_to obj/ft_printf obj/ft_gnl
#  Implicit rule search has not been done.
#  Implicit/static pattern stem: `ft_printf/ft_printf_utils'
#  Last modified 2022-06-28 18:24:11
#  File has been updated.
#  Successfully updated.
# variable set hash-table stats:
# Load=0/32=0%, Rehash=0, Collisions=0/0=0%
#  commands to execute (from `Makefile', line 95):
	@$(eval OBJS_CREATED = $(shell expr $(OBJS_CREATED) + 1))
	@printf "Making object $(OBJS_CREATED)/$(SRCS_NUM)...\r"
	@if [ $(OBJS_CREATED) = $(SRCS_NUM) ]; then echo ""; fi
	@$(CC) $(CFLAGS) $(INCLUDE) -c $< -o $@
	

obj/ft_lst/ft_lstadd_front.o: src/ft_lst/ft_lstadd_front.c | obj/ft_is obj/ft_lst obj/ft_lst obj/ft_mem obj/ft_put obj/ft_str obj/ft_to obj/ft_printf obj/ft_gnl
#  Implicit rule search has not been done.
#  Implicit/static pattern stem: `ft_lst/ft_lstadd_front'
#  Last modified 2022-06-28 18:24:09
#  File has been updated.
#  Successfully updated.
# variable set hash-table stats:
# Load=0/32=0%, Rehash=0, Collisions=0/0=0%
#  commands to execute (from `Makefile', line 95):
	@$(eval OBJS_CREATED = $(shell expr $(OBJS_CREATED) + 1))
	@printf "Making object $(OBJS_CREATED)/$(SRCS_NUM)...\r"
	@if [ $(OBJS_CREATED) = $(SRCS_NUM) ]; then echo ""; fi
	@$(CC) $(CFLAGS) $(INCLUDE) -c $< -o $@
	

obj/ft_str/ft_striteri.o: src/ft_str/ft_striteri.c | obj/ft_is obj/ft_lst obj/ft_lst obj/ft_mem obj/ft_put obj/ft_str obj/ft_to obj/ft_printf obj/ft_gnl
#  Implicit rule search has not been done.
#  Implicit/static pattern stem: `ft_str/ft_striteri'
#  Last modified 2022-06-28 18:24:10
#  File has been updated.
#  Successfully updated.
# variable set hash-table stats:
# Load=0/32=0%, Rehash=0, Collisions=0/0=0%
#  commands to execute (from `Makefile', line 95):
	@$(eval OBJS_CREATED = $(shell expr $(OBJS_CREATED) + 1))
	@printf "Making object $(OBJS_CREATED)/$(SRCS_NUM)...\r"
	@if [ $(OBJS_CREATED) = $(SRCS_NUM) ]; then echo ""; fi
	@$(CC) $(CFLAGS) $(INCLUDE) -c $< -o $@
	

# Not a target:
.SUFFIXES:
#  Implicit rule search has not been done.
#  Modification time never checked.
#  File has not been updated.

# Not a target:
Makefile:
#  Implicit rule search has been done.
#  Last modified 2022-06-28 18:35:18
#  File has been updated.
#  Successfully updated.
# variable set hash-table stats:
# Load=0/32=0%, Rehash=0, Collisions=0/0=0%

# Not a target:
src/ft_gnl/get_next_line_utils.c:
#  Implicit rule search has not been done.
#  Modification time never checked.
#  File has not been updated.

obj/ft_to/ft_atoi.o: src/ft_to/ft_atoi.c | obj/ft_is obj/ft_lst obj/ft_lst obj/ft_mem obj/ft_put obj/ft_str obj/ft_to obj/ft_printf obj/ft_gnl
#  Implicit rule search has not been done.
#  Implicit/static pattern stem: `ft_to/ft_atoi'
#  Last modified 2022-06-28 18:24:10
#  File has been updated.
#  Successfully updated.
# variable set hash-table stats:
# Load=0/32=0%, Rehash=0, Collisions=0/0=0%
#  commands to execute (from `Makefile', line 95):
	@$(eval OBJS_CREATED = $(shell expr $(OBJS_CREATED) + 1))
	@printf "Making object $(OBJS_CREATED)/$(SRCS_NUM)...\r"
	@if [ $(OBJS_CREATED) = $(SRCS_NUM) ]; then echo ""; fi
	@$(CC) $(CFLAGS) $(INCLUDE) -c $< -o $@
	

# Not a target:
src/ft_mem/ft_memmove.c:
#  Implicit rule search has been done.
#  Last modified 2022-04-26 13:05:53
#  File has been updated.
#  Successfully updated.
# variable set hash-table stats:
# Load=0/32=0%, Rehash=0, Collisions=0/0=0%

obj/ft_is/ft_isdigit.o: src/ft_is/ft_isdigit.c | obj/ft_is obj/ft_lst obj/ft_lst obj/ft_mem obj/ft_put obj/ft_str obj/ft_to obj/ft_printf obj/ft_gnl
#  Implicit rule search has not been done.
#  Implicit/static pattern stem: `ft_is/ft_isdigit'
#  Last modified 2022-06-28 18:24:09
#  File has been updated.
#  Successfully updated.
# variable set hash-table stats:
# Load=0/32=0%, Rehash=0, Collisions=0/0=0%
#  commands to execute (from `Makefile', line 95):
	@$(eval OBJS_CREATED = $(shell expr $(OBJS_CREATED) + 1))
	@printf "Making object $(OBJS_CREATED)/$(SRCS_NUM)...\r"
	@if [ $(OBJS_CREATED) = $(SRCS_NUM) ]; then echo ""; fi
	@$(CC) $(CFLAGS) $(INCLUDE) -c $< -o $@
	

 
libft.a: obj/ft_is/ft_isalnum.o obj/ft_is/ft_isalpha.o obj/ft_is/ft_isascii.o obj/ft_is/ft_isdigit.o obj/ft_is/ft_isprint.o obj/ft_lst/ft_lstadd_back.o obj/ft_lst/ft_lstadd_front.o obj/ft_lst/ft_lstclear.o obj/ft_lst/ft_lstdelone.o obj/ft_lst/ft_lstiter.o obj/ft_lst/ft_lstlast.o obj/ft_lst/ft_lstmap.o obj/ft_lst/ft_lstnew.o obj/ft_lst/ft_lstsize.o obj/ft_mem/ft_bzero.o obj/ft_mem/ft_calloc.o obj/ft_mem/ft_memchr.o obj/ft_mem/ft_memcpy.o obj/ft_mem/ft_memcmp.o obj/ft_mem/ft_memmove.o obj/ft_mem/ft_memset.o obj/ft_put/ft_putchar_fd.o obj/ft_put/ft_putendl_fd.o obj/ft_put/ft_putnbr_fd.o obj/ft_put/ft_putstr_fd.o obj/ft_str/ft_split.o obj/ft_str/ft_strchr.o obj/ft_str/ft_strdup.o obj/ft_str/ft_striteri.o obj/ft_str/ft_strjoin.o obj/ft_str/ft_strlcat.o obj/ft_str/ft_strlcpy.o obj/ft_str/ft_strlen.o obj/ft_str/ft_strmapi.o obj/ft_str/ft_strncmp.o obj/ft_str/ft_strnstr.o obj/ft_str/ft_strrchr.o obj/ft_str/ft_strtrim.o obj/ft_str/ft_substr.o obj/ft_to/ft_atoi.o obj/ft_to/ft_itoa.o obj/ft_to/ft_tolower.o obj/ft_to/ft_toupper.o obj/ft_printf/ft_printf.o obj/ft_printf/ft_printf_utils.o obj/ft_gnl/get_next_line_c.o obj/ft_gnl/get_next_line_utils.o
#  Implicit rule search has not been done.
#  File does not exist.
#  File has been updated.
#  Needs to be updated (-q is set).
# variable set hash-table stats:
# Load=0/32=0%, Rehash=0, Collisions=0/14=0%
#  commands to execute (from `Makefile', line 90):
	@echo "Compiling library..."
	@ar crs $(NAME) $^
	

obj/ft_put/ft_putendl_fd.o: src/ft_put/ft_putendl_fd.c | obj/ft_is obj/ft_lst obj/ft_lst obj/ft_mem obj/ft_put obj/ft_str obj/ft_to obj/ft_printf obj/ft_gnl
#  Implicit rule search has not been done.
#  Implicit/static pattern stem: `ft_put/ft_putendl_fd'
#  Last modified 2022-06-28 18:24:10
#  File has been updated.
#  Successfully updated.
# variable set hash-table stats:
# Load=0/32=0%, Rehash=0, Collisions=0/0=0%
#  commands to execute (from `Makefile', line 95):
	@$(eval OBJS_CREATED = $(shell expr $(OBJS_CREATED) + 1))
	@printf "Making object $(OBJS_CREATED)/$(SRCS_NUM)...\r"
	@if [ $(OBJS_CREATED) = $(SRCS_NUM) ]; then echo ""; fi
	@$(CC) $(CFLAGS) $(INCLUDE) -c $< -o $@
	

obj_dirs:
#  Phony target (prerequisite of .PHONY).
#  Implicit rule search has not been done.
#  File does not exist.
#  File has not been updated.

# Not a target:
src/ft_str/ft_strrchr.c:
#  Implicit rule search has been done.
#  Last modified 2022-05-09 16:32:29
#  File has been updated.
#  Successfully updated.
# variable set hash-table stats:
# Load=0/32=0%, Rehash=0, Collisions=0/0=0%

# Not a target:
src/ft_str/ft_strjoin.c:
#  Implicit rule search has been done.
#  Last modified 2022-05-04 17:55:19
#  File has been updated.
#  Successfully updated.
# variable set hash-table stats:
# Load=0/32=0%, Rehash=0, Collisions=0/0=0%

# Not a target:
src/ft_str/ft_split.c:
#  Implicit rule search has been done.
#  Last modified 2022-05-09 16:23:14
#  File has been updated.
#  Successfully updated.
# variable set hash-table stats:
# Load=0/32=0%, Rehash=0, Collisions=0/0=0%

# Not a target:
src/ft_lst/ft_lstsize.c:
#  Implicit rule search has been done.
#  Last modified 2022-05-09 16:12:40
#  File has been updated.
#  Successfully updated.
# variable set hash-table stats:
# Load=0/32=0%, Rehash=0, Collisions=0/0=0%

obj/ft_gnl/get_next_line_c.o: src/ft_gnl/get_next_line_c.c | obj/ft_is obj/ft_lst obj/ft_mem obj/ft_put obj/ft_str obj/ft_to obj/ft_printf obj/ft_gnl
#  Implicit rule search has not been done.
#  Implicit/static pattern stem: `ft_gnl/get_next_line_c'
#  File does not exist.
#  File has been updated.
#  Needs to be updated (-q is set).
# automatic
# @ := obj/ft_gnl/get_next_line_c.o
# automatic
# % := 
# automatic
# * := ft_gnl/get_next_line_c
# automatic
# + := src/ft_gnl/get_next_line_c.c
# automatic
# | := obj/ft_is obj/ft_lst obj/ft_mem obj/ft_put obj/ft_str obj/ft_to obj/ft_printf obj/ft_gnl
# automatic
# < := src/ft_gnl/get_next_line_c.c
# automatic
# ^ := src/ft_gnl/get_next_line_c.c
# automatic
# ? := src/ft_gnl/get_next_line_c.c
# variable set hash-table stats:
# Load=8/32=25%, Rehash=0, Collisions=8/24=33%
#  commands to execute (from `Makefile', line 95):
	@$(eval OBJS_CREATED = $(shell expr $(OBJS_CREATED) + 1))
	@printf "Making object $(OBJS_CREATED)/$(SRCS_NUM)...\r"
	@if [ $(OBJS_CREATED) = $(SRCS_NUM) ]; then echo ""; fi
	@$(CC) $(CFLAGS) $(INCLUDE) -c $< -o $@
	

obj/ft_mem/ft_memcpy.o: src/ft_mem/ft_memcpy.c | obj/ft_is obj/ft_lst obj/ft_lst obj/ft_mem obj/ft_put obj/ft_str obj/ft_to obj/ft_printf obj/ft_gnl
#  Implicit rule search has not been done.
#  Implicit/static pattern stem: `ft_mem/ft_memcpy'
#  Last modified 2022-06-28 18:24:09
#  File has been updated.
#  Successfully updated.
# variable set hash-table stats:
# Load=0/32=0%, Rehash=0, Collisions=0/0=0%
#  commands to execute (from `Makefile', line 95):
	@$(eval OBJS_CREATED = $(shell expr $(OBJS_CREATED) + 1))
	@printf "Making object $(OBJS_CREATED)/$(SRCS_NUM)...\r"
	@if [ $(OBJS_CREATED) = $(SRCS_NUM) ]; then echo ""; fi
	@$(CC) $(CFLAGS) $(INCLUDE) -c $< -o $@
	

obj/ft_mem/ft_memcmp.o: src/ft_mem/ft_memcmp.c | obj/ft_is obj/ft_lst obj/ft_lst obj/ft_mem obj/ft_put obj/ft_str obj/ft_to obj/ft_printf obj/ft_gnl
#  Implicit rule search has not been done.
#  Implicit/static pattern stem: `ft_mem/ft_memcmp'
#  Last modified 2022-06-28 18:24:09
#  File has been updated.
#  Successfully updated.
# variable set hash-table stats:
# Load=0/32=0%, Rehash=0, Collisions=0/0=0%
#  commands to execute (from `Makefile', line 95):
	@$(eval OBJS_CREATED = $(shell expr $(OBJS_CREATED) + 1))
	@printf "Making object $(OBJS_CREATED)/$(SRCS_NUM)...\r"
	@if [ $(OBJS_CREATED) = $(SRCS_NUM) ]; then echo ""; fi
	@$(CC) $(CFLAGS) $(INCLUDE) -c $< -o $@
	

# Not a target:
src/ft_is/ft_isascii.c:
#  Implicit rule search has been done.
#  Last modified 2022-04-25 18:30:21
#  File has been updated.
#  Successfully updated.
# variable set hash-table stats:
# Load=0/32=0%, Rehash=0, Collisions=0/0=0%

# Not a target:
src/ft_put/ft_putstr_fd.c:
#  Implicit rule search has been done.
#  Last modified 2022-05-06 15:22:19
#  File has been updated.
#  Successfully updated.
# variable set hash-table stats:
# Load=0/32=0%, Rehash=0, Collisions=0/0=0%

# Not a target:
src/ft_is/ft_isdigit.c:
#  Implicit rule search has been done.
#  Last modified 2022-04-26 14:11:36
#  File has been updated.
#  Successfully updated.
# variable set hash-table stats:
# Load=0/32=0%, Rehash=0, Collisions=0/0=0%

# Not a target:
src/ft_str/ft_strlcat.c:
#  Implicit rule search has been done.
#  Last modified 2022-05-09 16:23:11
#  File has been updated.
#  Successfully updated.
# variable set hash-table stats:
# Load=0/32=0%, Rehash=0, Collisions=0/0=0%

obj/ft_is:
#  Implicit rule search has not been done.
#  Last modified 2022-06-28 18:24:09
#  File has been updated.
#  Successfully updated.
#  commands to execute (from `Makefile', line 102):
	@mkdir -p $@
	

obj/ft_str/ft_substr.o: src/ft_str/ft_substr.c | obj/ft_is obj/ft_lst obj/ft_lst obj/ft_mem obj/ft_put obj/ft_str obj/ft_to obj/ft_printf obj/ft_gnl
#  Implicit rule search has not been done.
#  Implicit/static pattern stem: `ft_str/ft_substr'
#  Last modified 2022-06-28 18:24:10
#  File has been updated.
#  Successfully updated.
# variable set hash-table stats:
# Load=0/32=0%, Rehash=0, Collisions=0/0=0%
#  commands to execute (from `Makefile', line 95):
	@$(eval OBJS_CREATED = $(shell expr $(OBJS_CREATED) + 1))
	@printf "Making object $(OBJS_CREATED)/$(SRCS_NUM)...\r"
	@if [ $(OBJS_CREATED) = $(SRCS_NUM) ]; then echo ""; fi
	@$(CC) $(CFLAGS) $(INCLUDE) -c $< -o $@
	

# Not a target:
src/ft_to/ft_toupper.c:
#  Implicit rule search has been done.
#  Last modified 2022-04-24 15:27:27
#  File has been updated.
#  Successfully updated.
# variable set hash-table stats:
# Load=0/32=0%, Rehash=0, Collisions=0/0=0%

obj/ft_mem/ft_memchr.o: src/ft_mem/ft_memchr.c | obj/ft_is obj/ft_lst obj/ft_lst obj/ft_mem obj/ft_put obj/ft_str obj/ft_to obj/ft_printf obj/ft_gnl
#  Implicit rule search has not been done.
#  Implicit/static pattern stem: `ft_mem/ft_memchr'
#  Last modified 2022-06-28 18:24:09
#  File has been updated.
#  Successfully updated.
 
# variable set hash-table stats:
# Load=0/32=0%, Rehash=0, Collisions=0/0=0%
#  commands to execute (from `Makefile', line 95):
	@$(eval OBJS_CREATED = $(shell expr $(OBJS_CREATED) + 1))
	@printf "Making object $(OBJS_CREATED)/$(SRCS_NUM)...\r"
	@if [ $(OBJS_CREATED) = $(SRCS_NUM) ]; then echo ""; fi
	@$(CC) $(CFLAGS) $(INCLUDE) -c $< -o $@
	

obj/ft_mem/ft_memset.o: src/ft_mem/ft_memset.c | obj/ft_is obj/ft_lst obj/ft_lst obj/ft_mem obj/ft_put obj/ft_str obj/ft_to obj/ft_printf obj/ft_gnl
#  Implicit rule search has not been done.
#  Implicit/static pattern stem: `ft_mem/ft_memset'
#  Last modified 2022-06-28 18:24:09
#  File has been updated.
#  Successfully updated.
# variable set hash-table stats:
# Load=0/32=0%, Rehash=0, Collisions=0/0=0%
#  commands to execute (from `Makefile', line 95):
	@$(eval OBJS_CREATED = $(shell expr $(OBJS_CREATED) + 1))
	@printf "Making object $(OBJS_CREATED)/$(SRCS_NUM)...\r"
	@if [ $(OBJS_CREATED) = $(SRCS_NUM) ]; then echo ""; fi
	@$(CC) $(CFLAGS) $(INCLUDE) -c $< -o $@
	

obj/ft_to/ft_itoa.o: src/ft_to/ft_itoa.c | obj/ft_is obj/ft_lst obj/ft_lst obj/ft_mem obj/ft_put obj/ft_str obj/ft_to obj/ft_printf obj/ft_gnl
#  Implicit rule search has not been done.
#  Implicit/static pattern stem: `ft_to/ft_itoa'
#  Last modified 2022-06-28 18:24:10
#  File has been updated.
#  Successfully updated.
# variable set hash-table stats:
# Load=0/32=0%, Rehash=0, Collisions=0/0=0%
#  commands to execute (from `Makefile', line 95):
	@$(eval OBJS_CREATED = $(shell expr $(OBJS_CREATED) + 1))
	@printf "Making object $(OBJS_CREATED)/$(SRCS_NUM)...\r"
	@if [ $(OBJS_CREATED) = $(SRCS_NUM) ]; then echo ""; fi
	@$(CC) $(CFLAGS) $(INCLUDE) -c $< -o $@
	

# Not a target:
src/ft_lst/ft_lstmap.c:
#  Implicit rule search has been done.
#  Last modified 2022-05-09 16:10:59
#  File has been updated.
#  Successfully updated.
# variable set hash-table stats:
# Load=0/32=0%, Rehash=0, Collisions=0/0=0%

# Not a target:
src/ft_put/ft_putchar_fd.c:
#  Implicit rule search has been done.
#  Last modified 2022-05-06 15:22:30
#  File has been updated.
#  Successfully updated.
# variable set hash-table stats:
# Load=0/32=0%, Rehash=0, Collisions=0/0=0%

fclean: clean
#  Phony target (prerequisite of .PHONY).
#  Implicit rule search has not been done.
#  File does not exist.
#  File has not been updated.
#  commands to execute (from `Makefile', line 83):
	@echo "Removing library..."
	@$(RM) $(NAME)
	@$(eval OBJS_CREATED = 0)
	

obj/ft_mem:
#  Implicit rule search has not been done.
#  Last modified 2022-06-28 18:24:09
#  File has been updated.
#  Successfully updated.
#  commands to execute (from `Makefile', line 108):
	@mkdir -p $@
	

# Not a target:
src/ft_printf/ft_printf_utils.c:
#  Implicit rule search has been done.
#  Last modified 2022-06-08 18:24:20
#  File has been updated.
#  Successfully updated.
# variable set hash-table stats:
# Load=0/32=0%, Rehash=0, Collisions=0/0=0%

obj/ft_put:
#  Implicit rule search has not been done.
#  Last modified 2022-06-28 18:24:10
#  File has been updated.
#  Successfully updated.
#  commands to execute (from `Makefile', line 111):
	@mkdir -p $@
	

# Not a target:
src/ft_str/ft_striteri.c:
#  Implicit rule search has been done.
#  Last modified 2022-05-06 11:39:17
#  File has been updated.
#  Successfully updated.
# variable set hash-table stats:
# Load=0/32=0%, Rehash=0, Collisions=0/0=0%

obj/ft_lst/ft_lstadd_back.o: src/ft_lst/ft_lstadd_back.c | obj/ft_is obj/ft_lst obj/ft_lst obj/ft_mem obj/ft_put obj/ft_str obj/ft_to obj/ft_printf obj/ft_gnl
#  Implicit rule search has not been done.
#  Implicit/static pattern stem: `ft_lst/ft_lstadd_back'
#  Last modified 2022-06-28 18:24:09
#  File has been updated.
#  Successfully updated.
# variable set hash-table stats:
# Load=0/32=0%, Rehash=0, Collisions=0/0=0%
#  commands to execute (from `Makefile', line 95):
	@$(eval OBJS_CREATED = $(shell expr $(OBJS_CREATED) + 1))
	@printf "Making object $(OBJS_CREATED)/$(SRCS_NUM)...\r"
	@if [ $(OBJS_CREATED) = $(SRCS_NUM) ]; then echo ""; fi
	@$(CC) $(CFLAGS) $(INCLUDE) -c $< -o $@
	

obj/ft_is/ft_isprint.o: src/ft_is/ft_isprint.c | obj/ft_is obj/ft_lst obj/ft_lst obj/ft_mem obj/ft_put obj/ft_str obj/ft_to obj/ft_printf obj/ft_gnl
#  Implicit rule search has not been done.
#  Implicit/static pattern stem: `ft_is/ft_isprint'
#  Last modified 2022-06-28 18:24:09
#  File has been updated.
#  Successfully updated.
# variable set hash-table stats:
# Load=0/32=0%, Rehash=0, Collisions=0/0=0%
#  commands to execute (from `Makefile', line 95):
	@$(eval OBJS_CREATED = $(shell expr $(OBJS_CREATED) + 1))
	@printf "Making object $(OBJS_CREATED)/$(SRCS_NUM)...\r"
	@if [ $(OBJS_CREATED) = $(SRCS_NUM) ]; then echo ""; fi
	@$(CC) $(CFLAGS) $(INCLUDE) -c $< -o $@
	

# Not a target:
src/ft_lst/ft_lstdelone.c:
#  Implicit rule search has been done.
#  Last modified 2022-05-09 16:09:52
#  File has been updated.
#  Successfully updated.
# variable set hash-table stats:
# Load=0/32=0%, Rehash=0, Collisions=0/0=0%

obj/ft_str/ft_strlcpy.o: src/ft_str/ft_strlcpy.c | obj/ft_is obj/ft_lst obj/ft_lst obj/ft_mem obj/ft_put obj/ft_str obj/ft_to obj/ft_printf obj/ft_gnl
#  Implicit rule search has not been done.
#  Implicit/static pattern stem: `ft_str/ft_strlcpy'
#  Last modified 2022-06-28 18:24:10
#  File has been updated.
#  Successfully updated.
# variable set hash-table stats:
# Load=0/32=0%, Rehash=0, Collisions=0/0=0%
#  commands to execute (from `Makefile', line 95):
	@$(eval OBJS_CREATED = $(shell expr $(OBJS_CREATED) + 1))
	@printf "Making object $(OBJS_CREATED)/$(SRCS_NUM)...\r"
	@if [ $(OBJS_CREATED) = $(SRCS_NUM) ]; then echo ""; fi
	@$(CC) $(CFLAGS) $(INCLUDE) -c $< -o $@
	

# Not a target:
src/ft_to/ft_atoi.c:
#  Implicit rule search has been done.
#  Last modified 2022-04-26 12:22:08
#  File has been updated.
#  Successfully updated.
# variable set hash-table stats:
# Load=0/32=0%, Rehash=0, Collisions=0/0=0%

obj/ft_lst/ft_lstiter.o: src/ft_lst/ft_lstiter.c | obj/ft_is obj/ft_lst obj/ft_lst obj/ft_mem obj/ft_put obj/ft_str obj/ft_to obj/ft_printf obj/ft_gnl
#  Implicit rule search has not been done.
#  Implicit/static pattern stem: `ft_lst/ft_lstiter'
#  Last modified 2022-06-28 18:24:09
#  File has been updated.
#  Successfully updated.
# variable set hash-table stats:
# Load=0/32=0%, Rehash=0, Collisions=0/0=0%
#  commands to execute (from `Makefile', line 95):
	@$(eval OBJS_CREATED = $(shell expr $(OBJS_CREATED) + 1))
	@printf "Making object $(OBJS_CREATED)/$(SRCS_NUM)...\r"
	@if [ $(OBJS_CREATED) = $(SRCS_NUM) ]; then echo ""; fi
	@$(CC) $(CFLAGS) $(INCLUDE) -c $< -o $@
	

obj/ft_str/ft_strncmp.o: src/ft_str/ft_strncmp.c | obj/ft_is obj/ft_lst obj/ft_lst obj/ft_mem obj/ft_put obj/ft_str obj/ft_to obj/ft_printf obj/ft_gnl
#  Implicit rule search has not been done.
#  Implicit/static pattern stem: `ft_str/ft_strncmp'
#  Last modified 2022-06-28 18:24:10
#  File has been updated.
#  Successfully updated.
# variable set hash-table stats:
# Load=0/32=0%, Rehash=0, Collisions=0/0=0%
#  commands to execute (from `Makefile', line 95):
	@$(eval OBJS_CREATED = $(shell expr $(OBJS_CREATED) + 1))
	@printf "Making object $(OBJS_CREATED)/$(SRCS_NUM)...\r"
	@if [ $(OBJS_CREATED) = $(SRCS_NUM) ]; then echo ""; fi
	@$(CC) $(CFLAGS) $(INCLUDE) -c $< -o $@
	

obj/ft_to:
#  Implicit rule search has not been done.
#  Last modified 2022-06-28 18:24:11
#  File has been updated.
#  Successfully updated.
#  commands to execute (from `Makefile', line 117):
	@mkdir -p $@
	

obj/ft_to/ft_tolower.o: src/ft_to/ft_tolower.c | obj/ft_is obj/ft_lst obj/ft_lst obj/ft_mem obj/ft_put obj/ft_str obj/ft_to obj/ft_printf obj/ft_gnl
#  Implicit rule search has not been done.
#  Implicit/static pattern stem: `ft_to/ft_tolower'
#  Last modified 2022-06-28 18:24:11
#  File has been updated.
#  Successfully updated.
# variable set hash-table stats:
# Load=0/32=0%, Rehash=0, Collisions=0/0=0%
#  commands to execute (from `Makefile', line 95):
	@$(eval OBJS_CREATED = $(shell expr $(OBJS_CREATED) + 1))
	@printf "Making object $(OBJS_CREATED)/$(SRCS_NUM)...\r"
	@if [ $(OBJS_CREATED) = $(SRCS_NUM) ]; then echo ""; fi
	@$(CC) $(CFLAGS) $(INCLUDE) -c $< -o $@
	

 
obj/ft_printf:
#  Implicit rule search has not been done.
#  Last modified 2022-06-28 18:24:11
#  File has been updated.
#  Successfully updated.
#  commands to execute (from `Makefile', line 120):
	@mkdir -p $@
	

# Not a target:
src/ft_put/ft_putendl_fd.c:
#  Implicit rule search has been done.
#  Last modified 2022-05-06 17:00:51
#  File has been updated.
#  Successfully updated.
# variable set hash-table stats:
# Load=0/32=0%, Rehash=0, Collisions=0/0=0%

obj/ft_mem/ft_bzero.o: src/ft_mem/ft_bzero.c | obj/ft_is obj/ft_lst obj/ft_lst obj/ft_mem obj/ft_put obj/ft_str obj/ft_to obj/ft_printf obj/ft_gnl
#  Implicit rule search has not been done.
#  Implicit/static pattern stem: `ft_mem/ft_bzero'
#  Last modified 2022-06-28 18:24:09
#  File has been updated.
#  Successfully updated.
# variable set hash-table stats:
# Load=0/32=0%, Rehash=0, Collisions=0/0=0%
#  commands to execute (from `Makefile', line 95):
	@$(eval OBJS_CREATED = $(shell expr $(OBJS_CREATED) + 1))
	@printf "Making object $(OBJS_CREATED)/$(SRCS_NUM)...\r"
	@if [ $(OBJS_CREATED) = $(SRCS_NUM) ]; then echo ""; fi
	@$(CC) $(CFLAGS) $(INCLUDE) -c $< -o $@
	

# Not a target:
.DEFAULT:
#  Implicit rule search has not been done.
#  Modification time never checked.
#  File has not been updated.

obj/ft_printf/ft_printf.o: src/ft_printf/ft_printf.c | obj/ft_is obj/ft_lst obj/ft_lst obj/ft_mem obj/ft_put obj/ft_str obj/ft_to obj/ft_printf obj/ft_gnl
#  Implicit rule search has not been done.
#  Implicit/static pattern stem: `ft_printf/ft_printf'
#  Last modified 2022-06-28 18:24:11
#  File has been updated.
#  Successfully updated.
# variable set hash-table stats:
# Load=0/32=0%, Rehash=0, Collisions=0/0=0%
#  commands to execute (from `Makefile', line 95):
	@$(eval OBJS_CREATED = $(shell expr $(OBJS_CREATED) + 1))
	@printf "Making object $(OBJS_CREATED)/$(SRCS_NUM)...\r"
	@if [ $(OBJS_CREATED) = $(SRCS_NUM) ]; then echo ""; fi
	@$(CC) $(CFLAGS) $(INCLUDE) -c $< -o $@
	

obj/ft_str/ft_strdup.o: src/ft_str/ft_strdup.c | obj/ft_is obj/ft_lst obj/ft_lst obj/ft_mem obj/ft_put obj/ft_str obj/ft_to obj/ft_printf obj/ft_gnl
#  Implicit rule search has not been done.
#  Implicit/static pattern stem: `ft_str/ft_strdup'
#  Last modified 2022-06-28 18:24:10
#  File has been updated.
#  Successfully updated.
# variable set hash-table stats:
# Load=0/32=0%, Rehash=0, Collisions=0/0=0%
#  commands to execute (from `Makefile', line 95):
	@$(eval OBJS_CREATED = $(shell expr $(OBJS_CREATED) + 1))
	@printf "Making object $(OBJS_CREATED)/$(SRCS_NUM)...\r"
	@if [ $(OBJS_CREATED) = $(SRCS_NUM) ]; then echo ""; fi
	@$(CC) $(CFLAGS) $(INCLUDE) -c $< -o $@
	

# Not a target:
src/ft_gnl/get_next_line_c.c:
#  Implicit rule search has been done.
#  Last modified 2022-05-24 16:27:13
#  File has been updated.
#  Successfully updated.
# variable set hash-table stats:
# Load=0/32=0%, Rehash=0, Collisions=0/0=0%

# Not a target:
src/ft_mem/ft_memcpy.c:
#  Implicit rule search has been done.
#  Last modified 2022-04-26 12:26:18
#  File has been updated.
#  Successfully updated.
# variable set hash-table stats:
# Load=0/32=0%, Rehash=0, Collisions=0/0=0%

# Not a target:
src/ft_mem/ft_memcmp.c:
#  Implicit rule search has been done.
#  Last modified 2022-04-25 12:29:20
#  File has been updated.
#  Successfully updated.
# variable set hash-table stats:
# Load=0/32=0%, Rehash=0, Collisions=0/0=0%

obj/ft_str/ft_strchr.o: src/ft_str/ft_strchr.c | obj/ft_is obj/ft_lst obj/ft_lst obj/ft_mem obj/ft_put obj/ft_str obj/ft_to obj/ft_printf obj/ft_gnl
#  Implicit rule search has not been done.
#  Implicit/static pattern stem: `ft_str/ft_strchr'
#  Last modified 2022-06-28 18:24:10
#  File has been updated.
#  Successfully updated.
# variable set hash-table stats:
# Load=0/32=0%, Rehash=0, Collisions=0/0=0%
#  commands to execute (from `Makefile', line 95):
	@$(eval OBJS_CREATED = $(shell expr $(OBJS_CREATED) + 1))
	@printf "Making object $(OBJS_CREATED)/$(SRCS_NUM)...\r"
	@if [ $(OBJS_CREATED) = $(SRCS_NUM) ]; then echo ""; fi
	@$(CC) $(CFLAGS) $(INCLUDE) -c $< -o $@
	

obj/ft_lst/ft_lstlast.o: src/ft_lst/ft_lstlast.c | obj/ft_is obj/ft_lst obj/ft_lst obj/ft_mem obj/ft_put obj/ft_str obj/ft_to obj/ft_printf obj/ft_gnl
#  Implicit rule search has not been done.
#  Implicit/static pattern stem: `ft_lst/ft_lstlast'
#  Last modified 2022-06-28 18:24:09
#  File has been updated.
#  Successfully updated.
# variable set hash-table stats:
# Load=0/32=0%, Rehash=0, Collisions=0/0=0%
#  commands to execute (from `Makefile', line 95):
	@$(eval OBJS_CREATED = $(shell expr $(OBJS_CREATED) + 1))
	@printf "Making object $(OBJS_CREATED)/$(SRCS_NUM)...\r"
	@if [ $(OBJS_CREATED) = $(SRCS_NUM) ]; then echo ""; fi
	@$(CC) $(CFLAGS) $(INCLUDE) -c $< -o $@
	

# Not a target:
src/ft_str/ft_substr.c:
#  Implicit rule search has been done.
#  Last modified 2022-05-03 18:03:57
#  File has been updated.
#  Successfully updated.
# variable set hash-table stats:
# Load=0/32=0%, Rehash=0, Collisions=0/0=0%

re: fclean all
#  Phony target (prerequisite of .PHONY).
#  Implicit rule search has not been done.
#  File does not exist.
#  File has not been updated.

# Not a target:
src/ft_mem/ft_memchr.c:
#  Implicit rule search has been done.
#  Last modified 2022-04-27 10:42:30
#  File has been updated.
#  Successfully updated.
# variable set hash-table stats:
# Load=0/32=0%, Rehash=0, Collisions=0/0=0%

clean:
#  Phony target (prerequisite of .PHONY).
#  Implicit rule search has not been done.
#  File does not exist.
#  File has not been updated.
#  commands to execute (from `Makefile', line 78):
	@echo "Removing objects..."
	@$(RM) $(OBJS)
	@$(RM) -r $(OBJ_DIR)
	

# Not a target:
src/ft_mem/ft_memset.c:
#  Implicit rule search has been done.
#  Last modified 2022-04-21 16:53:29
#  File has been updated.
#  Successfully updated.
# variable set hash-table stats:
# Load=0/32=0%, Rehash=0, Collisions=0/0=0%

obj/ft_str/ft_strnstr.o: src/ft_str/ft_strnstr.c | obj/ft_is obj/ft_lst obj/ft_lst obj/ft_mem obj/ft_put obj/ft_str obj/ft_to obj/ft_printf obj/ft_gnl
#  Implicit rule search has not been done.
#  Implicit/static pattern stem: `ft_str/ft_strnstr'
#  Last modified 2022-06-28 18:24:10
#  File has been updated.
#  Successfully updated.
# variable set hash-table stats:
# Load=0/32=0%, Rehash=0, Collisions=0/0=0%
#  commands to execute (from `Makefile', line 95):
	@$(eval OBJS_CREATED = $(shell expr $(OBJS_CREATED) + 1))
	@printf "Making object $(OBJS_CREATED)/$(SRCS_NUM)...\r"
	@if [ $(OBJS_CREATED) = $(SRCS_NUM) ]; then echo ""; fi
	@$(CC) $(CFLAGS) $(INCLUDE) -c $< -o $@
	

# Not a target:
src/ft_to/ft_itoa.c:
#  Implicit rule search has been done.
#  Last modified 2022-05-09 16:20:19
#  File has been updated.
#  Successfully updated.
# variable set hash-table stats:
# Load=0/32=0%, Rehash=0, Collisions=0/0=0%

obj/ft_lst/ft_lstdelone.o: src/ft_lst/ft_lstdelone.c | obj/ft_is obj/ft_lst obj/ft_lst obj/ft_mem obj/ft_put obj/ft_str obj/ft_to obj/ft_printf obj/ft_gnl
#  Implicit rule search has not been done.
#  Implicit/static pattern stem: `ft_lst/ft_lstdelone'
#  Last modified 2022-06-28 18:24:09
#  File has been updated.
#  Successfully updated.
# variable set hash-table stats:
# Load=0/32=0%, Rehash=0, Collisions=0/0=0%
#  commands to execute (from `Makefile', line 95):
	@$(eval OBJS_CREATED = $(shell expr $(OBJS_CREATED) + 1))
	@printf "Making object $(OBJS_CREATED)/$(SRCS_NUM)...\r"
	@if [ $(OBJS_CREATED) = $(SRCS_NUM) ]; then echo ""; fi
	@$(CC) $(CFLAGS) $(INCLUDE) -c $< -o $@
	

obj/ft_lst:
#  Implicit rule search has not been done.
#  Last modified 2022-06-28 18:24:09
#  File has been updated.
#  Successfully updated.
#  commands to execute (from `Makefile', line 105):
	@mkdir -p $@
	

obj/ft_lst/ft_lstclear.o: src/ft_lst/ft_lstclear.c | obj/ft_is obj/ft_lst obj/ft_lst obj/ft_mem obj/ft_put obj/ft_str obj/ft_to obj/ft_printf obj/ft_gnl
#  Implicit rule search has not been done.
#  Implicit/static pattern stem: `ft_lst/ft_lstclear'
#  Last modified 2022-06-28 18:24:09
#  File has been updated.
#  Successfully updated.
# variable set hash-table stats:
# Load=0/32=0%, Rehash=0, Collisions=0/0=0%
#  commands to execute (from `Makefile', line 95):
 
	@$(eval OBJS_CREATED = $(shell expr $(OBJS_CREATED) + 1))
	@printf "Making object $(OBJS_CREATED)/$(SRCS_NUM)...\r"
	@if [ $(OBJS_CREATED) = $(SRCS_NUM) ]; then echo ""; fi
	@$(CC) $(CFLAGS) $(INCLUDE) -c $< -o $@
	

# Not a target:
src/ft_lst/ft_lstadd_back.c:
#  Implicit rule search has been done.
#  Last modified 2022-05-09 16:08:01
#  File has been updated.
#  Successfully updated.
# variable set hash-table stats:
# Load=0/32=0%, Rehash=0, Collisions=0/0=0%

# Not a target:
src/ft_is/ft_isprint.c:
#  Implicit rule search has been done.
#  Last modified 2022-04-20 20:11:41
#  File has been updated.
#  Successfully updated.
# variable set hash-table stats:
# Load=0/32=0%, Rehash=0, Collisions=0/0=0%

obj/ft_is/ft_isalpha.o: src/ft_is/ft_isalpha.c | obj/ft_is obj/ft_lst obj/ft_lst obj/ft_mem obj/ft_put obj/ft_str obj/ft_to obj/ft_printf obj/ft_gnl
#  Implicit rule search has not been done.
#  Implicit/static pattern stem: `ft_is/ft_isalpha'
#  Last modified 2022-06-28 18:24:08
#  File has been updated.
#  Successfully updated.
# variable set hash-table stats:
# Load=0/32=0%, Rehash=0, Collisions=0/0=0%
#  commands to execute (from `Makefile', line 95):
	@$(eval OBJS_CREATED = $(shell expr $(OBJS_CREATED) + 1))
	@printf "Making object $(OBJS_CREATED)/$(SRCS_NUM)...\r"
	@if [ $(OBJS_CREATED) = $(SRCS_NUM) ]; then echo ""; fi
	@$(CC) $(CFLAGS) $(INCLUDE) -c $< -o $@
	

# Not a target:
src/ft_lst/ft_lstadd_front.c:
#  Implicit rule search has been done.
#  Last modified 2022-05-09 16:08:38
#  File has been updated.
#  Successfully updated.
# variable set hash-table stats:
# Load=0/32=0%, Rehash=0, Collisions=0/0=0%

# Not a target:
src/ft_str/ft_strlcpy.c:
#  Implicit rule search has been done.
#  Last modified 2022-05-09 16:36:25
#  File has been updated.
#  Successfully updated.
# variable set hash-table stats:
# Load=0/32=0%, Rehash=0, Collisions=0/0=0%

obj/ft_gnl/get_next_line_utils.o: src/ft_gnl/get_next_line_utils.c | obj/ft_is obj/ft_lst obj/ft_lst obj/ft_mem obj/ft_put obj/ft_str obj/ft_to obj/ft_printf obj/ft_gnl
#  Implicit rule search has not been done.
#  Implicit/static pattern stem: `ft_gnl/get_next_line_utils'
#  Modification time never checked.
#  File has not been updated.
#  commands to execute (from `Makefile', line 95):
	@$(eval OBJS_CREATED = $(shell expr $(OBJS_CREATED) + 1))
	@printf "Making object $(OBJS_CREATED)/$(SRCS_NUM)...\r"
	@if [ $(OBJS_CREATED) = $(SRCS_NUM) ]; then echo ""; fi
	@$(CC) $(CFLAGS) $(INCLUDE) -c $< -o $@
	

obj/ft_put/ft_putnbr_fd.o: src/ft_put/ft_putnbr_fd.c | obj/ft_is obj/ft_lst obj/ft_lst obj/ft_mem obj/ft_put obj/ft_str obj/ft_to obj/ft_printf obj/ft_gnl
#  Implicit rule search has not been done.
#  Implicit/static pattern stem: `ft_put/ft_putnbr_fd'
#  Last modified 2022-06-28 18:24:10
#  File has been updated.
#  Successfully updated.
# variable set hash-table stats:
# Load=0/32=0%, Rehash=0, Collisions=0/0=0%
#  commands to execute (from `Makefile', line 95):
	@$(eval OBJS_CREATED = $(shell expr $(OBJS_CREATED) + 1))
	@printf "Making object $(OBJS_CREATED)/$(SRCS_NUM)...\r"
	@if [ $(OBJS_CREATED) = $(SRCS_NUM) ]; then echo ""; fi
	@$(CC) $(CFLAGS) $(INCLUDE) -c $< -o $@
	

# Not a target:
src/ft_lst/ft_lstiter.c:
#  Implicit rule search has been done.
#  Last modified 2022-05-09 16:10:18
#  File has been updated.
#  Successfully updated.
# variable set hash-table stats:
# Load=0/32=0%, Rehash=0, Collisions=0/0=0%

# Not a target:
src/ft_str/ft_strncmp.c:
#  Implicit rule search has been done.
#  Last modified 2022-05-09 16:23:10
#  File has been updated.
#  Successfully updated.
# variable set hash-table stats:
# Load=0/32=0%, Rehash=0, Collisions=0/0=0%

obj/ft_mem/ft_calloc.o: src/ft_mem/ft_calloc.c | obj/ft_is obj/ft_lst obj/ft_lst obj/ft_mem obj/ft_put obj/ft_str obj/ft_to obj/ft_printf obj/ft_gnl
#  Implicit rule search has not been done.
#  Implicit/static pattern stem: `ft_mem/ft_calloc'
#  Last modified 2022-06-28 18:24:09
#  File has been updated.
#  Successfully updated.
# variable set hash-table stats:
# Load=0/32=0%, Rehash=0, Collisions=0/0=0%
#  commands to execute (from `Makefile', line 95):
	@$(eval OBJS_CREATED = $(shell expr $(OBJS_CREATED) + 1))
	@printf "Making object $(OBJS_CREATED)/$(SRCS_NUM)...\r"
	@if [ $(OBJS_CREATED) = $(SRCS_NUM) ]; then echo ""; fi
	@$(CC) $(CFLAGS) $(INCLUDE) -c $< -o $@
	

# Not a target:
src/ft_to/ft_tolower.c:
#  Implicit rule search has been done.
#  Last modified 2022-04-24 15:27:18
#  File has been updated.
#  Successfully updated.
# variable set hash-table stats:
# Load=0/32=0%, Rehash=0, Collisions=0/0=0%

obj/ft_str/ft_strtrim.o: src/ft_str/ft_strtrim.c | obj/ft_is obj/ft_lst obj/ft_lst obj/ft_mem obj/ft_put obj/ft_str obj/ft_to obj/ft_printf obj/ft_gnl
#  Implicit rule search has not been done.
#  Implicit/static pattern stem: `ft_str/ft_strtrim'
#  Last modified 2022-06-28 18:24:10
#  File has been updated.
#  Successfully updated.
# variable set hash-table stats:
# Load=0/32=0%, Rehash=0, Collisions=0/0=0%
#  commands to execute (from `Makefile', line 95):
	@$(eval OBJS_CREATED = $(shell expr $(OBJS_CREATED) + 1))
	@printf "Making object $(OBJS_CREATED)/$(SRCS_NUM)...\r"
	@if [ $(OBJS_CREATED) = $(SRCS_NUM) ]; then echo ""; fi
	@$(CC) $(CFLAGS) $(INCLUDE) -c $< -o $@
	

# Not a target:
src/ft_mem/ft_bzero.c:
#  Implicit rule search has been done.
#  Last modified 2022-04-21 16:57:01
#  File has been updated.
#  Successfully updated.
# variable set hash-table stats:
# Load=0/32=0%, Rehash=0, Collisions=0/0=0%

# Not a target:
src/ft_printf/ft_printf.c:
#  Implicit rule search has been done.
#  Last modified 2022-06-08 18:38:30
#  File has been updated.
#  Successfully updated.
# variable set hash-table stats:
# Load=0/32=0%, Rehash=0, Collisions=0/0=0%

# Not a target:
src/ft_str/ft_strdup.c:
#  Implicit rule search has been done.
#  Last modified 2022-05-09 16:31:14
#  File has been updated.
#  Successfully updated.
# variable set hash-table stats:
# Load=0/32=0%, Rehash=0, Collisions=0/0=0%

# Not a target:
src/ft_str/ft_strchr.c:
#  Implicit rule search has been done.
#  Last modified 2022-05-09 16:23:12
#  File has been updated.
#  Successfully updated.
# variable set hash-table stats:
# Load=0/32=0%, Rehash=0, Collisions=0/0=0%

obj/ft_str/ft_strmapi.o: src/ft_str/ft_strmapi.c | obj/ft_is obj/ft_lst obj/ft_lst obj/ft_mem obj/ft_put obj/ft_str obj/ft_to obj/ft_printf obj/ft_gnl
#  Implicit rule search has not been done.
#  Implicit/static pattern stem: `ft_str/ft_strmapi'
#  Last modified 2022-06-28 18:24:10
#  File has been updated.
#  Successfully updated.
# variable set hash-table stats:
# Load=0/32=0%, Rehash=0, Collisions=0/0=0%
#  commands to execute (from `Makefile', line 95):
	@$(eval OBJS_CREATED = $(shell expr $(OBJS_CREATED) + 1))
	@printf "Making object $(OBJS_CREATED)/$(SRCS_NUM)...\r"
	@if [ $(OBJS_CREATED) = $(SRCS_NUM) ]; then echo ""; fi
	@$(CC) $(CFLAGS) $(INCLUDE) -c $< -o $@
	

# Not a target:
src/ft_lst/ft_lstlast.c:
#  Implicit rule search has been done.
#  Last modified 2022-05-09 16:10:58
#  File has been updated.
#  Successfully updated.
# variable set hash-table stats:
# Load=0/32=0%, Rehash=0, Collisions=0/0=0%

obj/ft_is/ft_isalnum.o: src/ft_is/ft_isalnum.c | obj/ft_is obj/ft_lst obj/ft_lst obj/ft_mem obj/ft_put obj/ft_str obj/ft_to obj/ft_printf obj/ft_gnl
#  Implicit rule search has not been done.
#  Implicit/static pattern stem: `ft_is/ft_isalnum'
#  Last modified 2022-06-28 18:24:08
#  File has been updated.
#  Successfully updated.
# variable set hash-table stats:
# Load=0/32=0%, Rehash=0, Collisions=0/0=0%
#  commands to execute (from `Makefile', line 95):
	@$(eval OBJS_CREATED = $(shell expr $(OBJS_CREATED) + 1))
	@printf "Making object $(OBJS_CREATED)/$(SRCS_NUM)...\r"
	@if [ $(OBJS_CREATED) = $(SRCS_NUM) ]; then echo ""; fi
	@$(CC) $(CFLAGS) $(INCLUDE) -c $< -o $@
	

obj/ft_gnl:
#  Implicit rule search has not been done.
#  Last modified 2022-06-28 18:35:22
#  File has been updated.
#  Successfully updated.
#  commands to execute (from `Makefile', line 123):
	@mkdir -p $@
	

 
obj/ft_lst/ft_lstnew.o: src/ft_lst/ft_lstnew.c | obj/ft_is obj/ft_lst obj/ft_lst obj/ft_mem obj/ft_put obj/ft_str obj/ft_to obj/ft_printf obj/ft_gnl
#  Implicit rule search has not been done.
#  Implicit/static pattern stem: `ft_lst/ft_lstnew'
#  Last modified 2022-06-28 18:24:09
#  File has been updated.
#  Successfully updated.
# variable set hash-table stats:
# Load=0/32=0%, Rehash=0, Collisions=0/0=0%
#  commands to execute (from `Makefile', line 95):
	@$(eval OBJS_CREATED = $(shell expr $(OBJS_CREATED) + 1))
	@printf "Making object $(OBJS_CREATED)/$(SRCS_NUM)...\r"
	@if [ $(OBJS_CREATED) = $(SRCS_NUM) ]; then echo ""; fi
	@$(CC) $(CFLAGS) $(INCLUDE) -c $< -o $@
	

# Not a target:
src/ft_str/ft_strnstr.c:
#  Implicit rule search has been done.
#  Last modified 2022-05-11 19:56:16
#  File has been updated.
#  Successfully updated.
# variable set hash-table stats:
# Load=0/32=0%, Rehash=0, Collisions=0/0=0%

obj/ft_str/ft_strlen.o: src/ft_str/ft_strlen.c | obj/ft_is obj/ft_lst obj/ft_lst obj/ft_mem obj/ft_put obj/ft_str obj/ft_to obj/ft_printf obj/ft_gnl
#  Implicit rule search has not been done.
#  Implicit/static pattern stem: `ft_str/ft_strlen'
#  Last modified 2022-06-28 18:24:10
#  File has been updated.
#  Successfully updated.
# variable set hash-table stats:
# Load=0/32=0%, Rehash=0, Collisions=0/0=0%
#  commands to execute (from `Makefile', line 95):
	@$(eval OBJS_CREATED = $(shell expr $(OBJS_CREATED) + 1))
	@printf "Making object $(OBJS_CREATED)/$(SRCS_NUM)...\r"
	@if [ $(OBJS_CREATED) = $(SRCS_NUM) ]; then echo ""; fi
	@$(CC) $(CFLAGS) $(INCLUDE) -c $< -o $@
	

# Not a target:
src/ft_lst/ft_lstclear.c:
#  Implicit rule search has been done.
#  Last modified 2022-05-09 16:09:39
#  File has been updated.
#  Successfully updated.
# variable set hash-table stats:
# Load=0/32=0%, Rehash=0, Collisions=0/0=0%

# files hash-table stats:
# Load=112/1024=11%, Rehash=0, Collisions=10/651=2%
# VPATH Search Paths

# No `vpath' search paths.

# No general (`VPATH' variable) search path.

# # of strings in strcache: 1
# # of strcache buffers: 1
# strcache size: total = 4096 / max = 4096 / min = 4096 / avg = 4096
# strcache free: total = 4087 / max = 4087 / min = 4087 / avg = 4087

# Finished Make data base on Tue Jun 28 18:35:36 2022

 
